This is pdfTeX, Version 3.1415926-1.40.10 (MiKTeX 2.8) (preloaded format=pdflatex 2012.5.1)  8 NOV 2012 14:05
entering extended mode
**C:/Users/gomez.NIN/Documents/My*Dropbox/work/repo/linear_algebra/lecture1.tex

("C:/Users/gomez.NIN/Documents/My Dropbox/work/repo/linear_algebra/lecture1.tex
"
LaTeX2e <2009/09/24>
Babel <v3.8l> and hyphenation patterns for english, dumylang, nohyphenation, ge
rman, ngerman, german-x-2009-06-19, ngerman-x-2009-06-19, french, loaded.

(C:\Users\gomez.NIN\AppData\Roaming\MiKTeX\2.8\tex\latex\beamer\base\beamer.cls

(C:\Users\gomez.NIN\AppData\Roaming\MiKTeX\2.8\tex\latex\beamer\base\beamerbase
rcs.sty
Package: beamerbasercs 2010/05/01 (rcs-revision efa082c6111d)
)
Document Class: beamer 2010/06/06 development version 3.08 A class for typesett
ing presentations (rcs-revision bff0a9294b45)

(C:\Users\gomez.NIN\AppData\Roaming\MiKTeX\2.8\tex\latex\beamer\base\beamerbase
modes.sty
Package: beamerbasemodes 2010/05/01 (rcs-revision efa082c6111d)
\beamer@tempbox=\box26
\beamer@tempcount=\count79
\c@beamerpauses=\count80

(C:\Users\gomez.NIN\AppData\Roaming\MiKTeX\2.8\tex\latex\beamer\base\beamerbase
decode.sty
Package: beamerbasedecode 2010/05/01 (rcs-revision efa082c6111d)
\beamer@slideinframe=\count81
\beamer@minimum=\count82
)
\beamer@commentbox=\box27
\beamer@modecount=\count83
)
\headheight=\dimen102
\headdp=\dimen103
\footheight=\dimen104
\sidebarheight=\dimen105
\beamer@tempdim=\dimen106
\beamer@finalheight=\dimen107
\beamer@animht=\dimen108
\beamer@animdp=\dimen109
\beamer@animwd=\dimen110
\beamer@leftmargin=\dimen111
\beamer@rightmargin=\dimen112
\beamer@leftsidebar=\dimen113
\beamer@rightsidebar=\dimen114
\beamer@boxsize=\dimen115
\beamer@vboxoffset=\dimen116
\beamer@descdefault=\dimen117
\beamer@descriptionwidth=\dimen118
\beamer@lastskip=\skip41
\beamer@areabox=\box28
\beamer@animcurrent=\box29
\beamer@animshowbox=\box30
\beamer@sectionbox=\box31
\beamer@logobox=\box32
\beamer@linebox=\box33
\beamer@sectioncount=\count84
\beamer@subsubsectionmax=\count85
\beamer@subsectionmax=\count86
\beamer@sectionmax=\count87
\beamer@totalheads=\count88
\beamer@headcounter=\count89
\beamer@partstartpage=\count90
\beamer@sectionstartpage=\count91
\beamer@subsectionstartpage=\count92
\beamer@animationtempa=\count93
\beamer@animationtempb=\count94
\beamer@xpos=\count95
\beamer@ypos=\count96
\beamer@showpartnumber=\count97
\beamer@currentsubsection=\count98
\beamer@coveringdepth=\count99
\beamer@sectionadjust=\count100
\beamer@tocsectionnumber=\count101

(C:\Users\gomez.NIN\AppData\Roaming\MiKTeX\2.8\tex\latex\beamer\base\beamerbase
options.sty
Package: beamerbaseoptions 2010/04/27 (rcs-revision 982469101dd6)
 ("C:\Program Files (x86)\MiKTeX 2.8\tex\latex\graphics\keyval.sty"
Package: keyval 1999/03/16 v1.13 key=value parser (DPC)
\KV@toks@=\toks14
))
\beamer@paperwidth=\skip42
\beamer@paperheight=\skip43
 ("C:\Program Files (x86)\MiKTeX 2.8\tex\latex\geometry\geometry.sty"
Package: geometry 2010/03/13 v5.3 Page Geometry

("C:\Program Files (x86)\MiKTeX 2.8\tex\generic\oberdiek\ifpdf.sty"
Package: ifpdf 2010/01/28 v2.1 Provides the ifpdf switch (HO)
Package ifpdf Info: pdfTeX in pdf mode detected.
)
("C:\Program Files (x86)\MiKTeX 2.8\tex\generic\oberdiek\ifvtex.sty"
Package: ifvtex 2010/03/01 v1.5 Switches for detecting VTeX and its modes (HO)
Package ifvtex Info: VTeX not detected.
)
\Gm@cnth=\count102
\Gm@cntv=\count103
\c@Gm@tempcnt=\count104
\Gm@bindingoffset=\dimen119
\Gm@wd@mp=\dimen120
\Gm@odd@mp=\dimen121
\Gm@even@mp=\dimen122
\Gm@layoutwidth=\dimen123
\Gm@layoutheight=\dimen124
\Gm@layouthoffset=\dimen125
\Gm@layoutvoffset=\dimen126
\Gm@dimlist=\toks15

("C:\Program Files (x86)\MiKTeX 2.8\tex\latex\geometry\geometry.cfg"))
("C:\Program Files (x86)\MiKTeX 2.8\tex\latex\base\size11.clo"
File: size11.clo 2007/10/19 v1.4h Standard LaTeX file (size option)
)
(C:\Users\gomez.NIN\AppData\Roaming\MiKTeX\2.8\tex\latex\pgf\basiclayer\pgfcore
.sty ("C:\Program Files (x86)\MiKTeX 2.8\tex\latex\graphics\graphicx.sty"
Package: graphicx 1999/02/16 v1.0f Enhanced LaTeX Graphics (DPC,SPQR)

("C:\Program Files (x86)\MiKTeX 2.8\tex\latex\graphics\graphics.sty"
Package: graphics 2009/02/05 v1.0o Standard LaTeX Graphics (DPC,SPQR)

("C:\Program Files (x86)\MiKTeX 2.8\tex\latex\graphics\trig.sty"
Package: trig 1999/03/16 v1.09 sin cos tan (DPC)
)
("C:\Program Files (x86)\MiKTeX 2.8\tex\latex\00miktex\graphics.cfg"
File: graphics.cfg 2007/01/18 v1.5 graphics configuration of teTeX/TeXLive
)
Package graphics Info: Driver file: pdftex.def on input line 91.

("C:\Program Files (x86)\MiKTeX 2.8\tex\latex\pdftex-def\pdftex.def"
File: pdftex.def 2010/02/14 v0.04n Graphics/color for pdfTeX
\Gread@gobject=\count105
))
\Gin@req@height=\dimen127
\Gin@req@width=\dimen128
)
(C:\Users\gomez.NIN\AppData\Roaming\MiKTeX\2.8\tex\latex\pgf\systemlayer\pgfsys
.sty
(C:\Users\gomez.NIN\AppData\Roaming\MiKTeX\2.8\tex\latex\pgf\utilities\pgfrcs.s
ty
(C:\Users\gomez.NIN\AppData\Roaming\MiKTeX\2.8\tex\generic\pgf\utilities\pgfuti
l-common.tex
\pgfutil@everybye=\toks16
)
(C:\Users\gomez.NIN\AppData\Roaming\MiKTeX\2.8\tex\generic\pgf\utilities\pgfuti
l-latex.def)
(C:\Users\gomez.NIN\AppData\Roaming\MiKTeX\2.8\tex\generic\pgf\utilities\pgfrcs
.code.tex
Package: pgfrcs 2008/02/20 v2.00 (rcs-revision 1.21)
))
(C:\Users\gomez.NIN\AppData\Roaming\MiKTeX\2.8\tex\generic\pgf\systemlayer\pgfs
ys.code.tex
Package: pgfsys 2008/02/07 v2.00 (rcs-revision 1.31)

(C:\Users\gomez.NIN\AppData\Roaming\MiKTeX\2.8\tex\generic\pgf\utilities\pgfkey
s.code.tex
\pgfkeys@pathtoks=\toks17
\pgfkeys@temptoks=\toks18
)
\pgf@x=\dimen129
\pgf@y=\dimen130
\pgf@xa=\dimen131
\pgf@ya=\dimen132
\pgf@xb=\dimen133
\pgf@yb=\dimen134
\pgf@xc=\dimen135
\pgf@yc=\dimen136
\c@pgf@counta=\count106
\c@pgf@countb=\count107
\c@pgf@countc=\count108
\c@pgf@countd=\count109

(C:\Users\gomez.NIN\AppData\Roaming\MiKTeX\2.8\tex\generic\pgf\systemlayer\pgf.
cfg
File: pgf.cfg 2008/01/13  (rcs-revision 1.6)
)
Package pgfsys Info: Driver file for pgf: pgfsys-pdftex.def on input line 885.

(C:\Users\gomez.NIN\AppData\Roaming\MiKTeX\2.8\tex\generic\pgf\systemlayer\pgfs
ys-pdftex.def
File: pgfsys-pdftex.def 2007/12/20  (rcs-revision 1.20)

(C:\Users\gomez.NIN\AppData\Roaming\MiKTeX\2.8\tex\generic\pgf\systemlayer\pgfs
ys-common-pdf.def
File: pgfsys-common-pdf.def 2007/12/17  (rcs-revision 1.8)
)))
(C:\Users\gomez.NIN\AppData\Roaming\MiKTeX\2.8\tex\generic\pgf\systemlayer\pgfs
yssoftpath.code.tex
File: pgfsyssoftpath.code.tex 2008/01/23  (rcs-revision 1.6)
\pgfsyssoftpath@smallbuffer@items=\count110
\pgfsyssoftpath@bigbuffer@items=\count111
)
(C:\Users\gomez.NIN\AppData\Roaming\MiKTeX\2.8\tex\generic\pgf\systemlayer\pgfs
ysprotocol.code.tex
File: pgfsysprotocol.code.tex 2006/10/16  (rcs-revision 1.4)
))
(C:\Users\gomez.NIN\AppData\Roaming\MiKTeX\2.8\tex\latex\xcolor\xcolor.sty
Package: xcolor 2007/01/21 v2.11 LaTeX color extensions (UK)

("C:\Program Files (x86)\MiKTeX 2.8\tex\latex\00miktex\color.cfg"
File: color.cfg 2007/01/18 v1.5 color configuration of teTeX/TeXLive
)
Package xcolor Info: Driver file: pdftex.def on input line 225.
Package xcolor Info: Model `cmy' substituted by `cmy0' on input line 1337.
Package xcolor Info: Model `hsb' substituted by `rgb' on input line 1341.
Package xcolor Info: Model `RGB' extended on input line 1353.
Package xcolor Info: Model `HTML' substituted by `rgb' on input line 1355.
Package xcolor Info: Model `Hsb' substituted by `hsb' on input line 1356.
Package xcolor Info: Model `tHsb' substituted by `hsb' on input line 1357.
Package xcolor Info: Model `HSB' substituted by `hsb' on input line 1358.
Package xcolor Info: Model `Gray' substituted by `gray' on input line 1359.
Package xcolor Info: Model `wave' substituted by `hsb' on input line 1360.
)
(C:\Users\gomez.NIN\AppData\Roaming\MiKTeX\2.8\tex\generic\pgf\basiclayer\pgfco
re.code.tex
Package: pgfcore 2008/01/15 v2.00 (rcs-revision 1.6)

(C:\Users\gomez.NIN\AppData\Roaming\MiKTeX\2.8\tex\generic\pgf\math\pgfmath.cod
e.tex
(C:\Users\gomez.NIN\AppData\Roaming\MiKTeX\2.8\tex\generic\pgf\math\pgfmathcalc
.code.tex
(C:\Users\gomez.NIN\AppData\Roaming\MiKTeX\2.8\tex\generic\pgf\math\pgfmathutil
.code.tex
\pgfmath@box=\box34
)
(C:\Users\gomez.NIN\AppData\Roaming\MiKTeX\2.8\tex\generic\pgf\math\pgfmathpars
er.code.tex
\pgfmath@stack=\toks19
\c@pgfmath@parsecounta=\count112
\c@pgfmath@parsecountb=\count113
\c@pgfmath@parsecountc=\count114
\pgfmath@parsex=\dimen137
)
(C:\Users\gomez.NIN\AppData\Roaming\MiKTeX\2.8\tex\generic\pgf\math\pgfmathoper
ations.code.tex
(C:\Users\gomez.NIN\AppData\Roaming\MiKTeX\2.8\tex\generic\pgf\math\pgfmathtrig
.code.tex)
(C:\Users\gomez.NIN\AppData\Roaming\MiKTeX\2.8\tex\generic\pgf\math\pgfmathrnd.
code.tex))
(C:\Users\gomez.NIN\AppData\Roaming\MiKTeX\2.8\tex\generic\pgf\math\pgfmathbase
.code.tex)))
(C:\Users\gomez.NIN\AppData\Roaming\MiKTeX\2.8\tex\generic\pgf\basiclayer\pgfco
repoints.code.tex
File: pgfcorepoints.code.tex 2008/02/03  (rcs-revision 1.13)
\pgf@picminx=\dimen138
\pgf@picmaxx=\dimen139
\pgf@picminy=\dimen140
\pgf@picmaxy=\dimen141
\pgf@pathminx=\dimen142
\pgf@pathmaxx=\dimen143
\pgf@pathminy=\dimen144
\pgf@pathmaxy=\dimen145
\pgf@xx=\dimen146
\pgf@xy=\dimen147
\pgf@yx=\dimen148
\pgf@yy=\dimen149
\pgf@zx=\dimen150
\pgf@zy=\dimen151
)
(C:\Users\gomez.NIN\AppData\Roaming\MiKTeX\2.8\tex\generic\pgf\basiclayer\pgfco
repathconstruct.code.tex
File: pgfcorepathconstruct.code.tex 2008/02/13  (rcs-revision 1.14)
\pgf@path@lastx=\dimen152
\pgf@path@lasty=\dimen153
)
(C:\Users\gomez.NIN\AppData\Roaming\MiKTeX\2.8\tex\generic\pgf\basiclayer\pgfco
repathusage.code.tex
File: pgfcorepathusage.code.tex 2008/01/23  (rcs-revision 1.11)
\pgf@shorten@end@additional=\dimen154
\pgf@shorten@start@additional=\dimen155
)
(C:\Users\gomez.NIN\AppData\Roaming\MiKTeX\2.8\tex\generic\pgf\basiclayer\pgfco
rescopes.code.tex
File: pgfcorescopes.code.tex 2008/01/15  (rcs-revision 1.26)
\pgfpic=\box35
\pgf@hbox=\box36
\pgf@layerbox@main=\box37
\pgf@picture@serial@count=\count115
)
(C:\Users\gomez.NIN\AppData\Roaming\MiKTeX\2.8\tex\generic\pgf\basiclayer\pgfco
regraphicstate.code.tex
File: pgfcoregraphicstate.code.tex 2007/12/12  (rcs-revision 1.8)
\pgflinewidth=\dimen156
)
(C:\Users\gomez.NIN\AppData\Roaming\MiKTeX\2.8\tex\generic\pgf\basiclayer\pgfco
retransformations.code.tex
File: pgfcoretransformations.code.tex 2008/02/04  (rcs-revision 1.10)
\pgf@pt@x=\dimen157
\pgf@pt@y=\dimen158
\pgf@pt@temp=\dimen159
)
(C:\Users\gomez.NIN\AppData\Roaming\MiKTeX\2.8\tex\generic\pgf\basiclayer\pgfco
requick.code.tex
File: pgfcorequick.code.tex 2006/10/11  (rcs-revision 1.2)
)
(C:\Users\gomez.NIN\AppData\Roaming\MiKTeX\2.8\tex\generic\pgf\basiclayer\pgfco
reobjects.code.tex
File: pgfcoreobjects.code.tex 2006/10/11  (rcs-revision 1.2)
)
(C:\Users\gomez.NIN\AppData\Roaming\MiKTeX\2.8\tex\generic\pgf\basiclayer\pgfco
repathprocessing.code.tex
File: pgfcorepathprocessing.code.tex 2008/01/23  (rcs-revision 1.7)
)
(C:\Users\gomez.NIN\AppData\Roaming\MiKTeX\2.8\tex\generic\pgf\basiclayer\pgfco
rearrows.code.tex
File: pgfcorearrows.code.tex 2007/06/07  (rcs-revision 1.8)
)
(C:\Users\gomez.NIN\AppData\Roaming\MiKTeX\2.8\tex\generic\pgf\basiclayer\pgfco
reshade.code.tex
File: pgfcoreshade.code.tex 2007/12/10  (rcs-revision 1.9)
\pgf@max=\dimen160
\pgf@sys@shading@range@num=\count116
)
(C:\Users\gomez.NIN\AppData\Roaming\MiKTeX\2.8\tex\generic\pgf\basiclayer\pgfco
reimage.code.tex
File: pgfcoreimage.code.tex 2008/01/15  (rcs-revision 1.1)
\pgfexternal@startupbox=\box38
)
(C:\Users\gomez.NIN\AppData\Roaming\MiKTeX\2.8\tex\generic\pgf\basiclayer\pgfco
relayers.code.tex
File: pgfcorelayers.code.tex 2008/01/15  (rcs-revision 1.1)
)
(C:\Users\gomez.NIN\AppData\Roaming\MiKTeX\2.8\tex\generic\pgf\basiclayer\pgfco
retransparency.code.tex
File: pgfcoretransparency.code.tex 2008/01/17  (rcs-revision 1.2)
)
(C:\Users\gomez.NIN\AppData\Roaming\MiKTeX\2.8\tex\generic\pgf\basiclayer\pgfco
repatterns.code.tex
File: pgfcorepatterns.code.tex 2008/01/15  (rcs-revision 1.1)
)))
(C:\Users\gomez.NIN\AppData\Roaming\MiKTeX\2.8\tex\latex\pgf\basiclayer\pgfbase
image.sty

Package pgf Warning: This package is obsolete and no longer needed on input lin
e 13.

)
(C:\Users\gomez.NIN\AppData\Roaming\MiKTeX\2.8\tex\latex\pgf\utilities\xxcolor.
sty
Package: xxcolor 2003/10/24 ver 0.1
\XC@nummixins=\count117
\XC@countmixins=\count118
) ("C:\Program Files (x86)\MiKTeX 2.8\tex\latex\hyperref\hyperref.sty"
Package: hyperref 2010/03/30 v6.80u Hypertext links for LaTeX

("C:\Program Files (x86)\MiKTeX 2.8\tex\generic\oberdiek\ltxcmds.sty"
Package: ltxcmds 2010/04/08 v1.5 LaTeX kernel commands for general use (HO)
)
("C:\Program Files (x86)\MiKTeX 2.8\tex\generic\oberdiek\kvsetkeys.sty"
Package: kvsetkeys 2010/03/01 v1.9 Key value parser (HO)

("C:\Program Files (x86)\MiKTeX 2.8\tex\generic\oberdiek\infwarerr.sty"
Package: infwarerr 2010/04/08 v1.3 Providing info/warning/message (HO)
)
("C:\Program Files (x86)\MiKTeX 2.8\tex\generic\oberdiek\etexcmds.sty"
Package: etexcmds 2010/01/28 v1.3 Prefix for e-TeX command names (HO)
Package etexcmds Info: Could not find \expanded.
(etexcmds)             That can mean that you are not using pdfTeX 1.50 or
(etexcmds)             that some package has redefined \expanded.
(etexcmds)             In the latter case, load this package earlier.
))
("C:\Program Files (x86)\MiKTeX 2.8\tex\generic\oberdiek\pdfescape.sty"
Package: pdfescape 2010/03/01 v1.9 Provides hex, PDF name and string conversion
s (HO)

("C:\Program Files (x86)\MiKTeX 2.8\tex\generic\oberdiek\pdftexcmds.sty"
Package: pdftexcmds 2010/04/01 v0.9 Utility functions of pdfTeX for LuaTeX (HO)


("C:\Program Files (x86)\MiKTeX 2.8\tex\generic\oberdiek\ifluatex.sty"
Package: ifluatex 2010/03/01 v1.3 Provides the ifluatex switch (HO)
Package ifluatex Info: LuaTeX not detected.
)
Package pdftexcmds Info: LuaTeX not detected.
Package pdftexcmds Info: \pdf@primitive is available.
Package pdftexcmds Info: \pdf@ifprimitive is available.
))
("C:\Program Files (x86)\MiKTeX 2.8\tex\latex\ifxetex\ifxetex.sty"
Package: ifxetex 2009/01/23 v0.5 Provides ifxetex conditional
)
("C:\Program Files (x86)\MiKTeX 2.8\tex\latex\oberdiek\hycolor.sty"
Package: hycolor 2009/12/12 v1.6 Color options of hyperref/bookmark (HO)

("C:\Program Files (x86)\MiKTeX 2.8\tex\latex\oberdiek\xcolor-patch.sty"
Package: xcolor-patch 2009/12/12 xcolor patch
))
("C:\Program Files (x86)\MiKTeX 2.8\tex\latex\oberdiek\letltxmacro.sty"
Package: letltxmacro 2008/06/24 v1.3 Let assignment for LaTeX macros (HO)
)
\@linkdim=\dimen161
\Hy@linkcounter=\count119
\Hy@pagecounter=\count120

("C:\Program Files (x86)\MiKTeX 2.8\tex\latex\hyperref\pd1enc.def"
File: pd1enc.def 2010/03/30 v6.80u Hyperref: PDFDocEncoding definition (HO)
)
("C:\Program Files (x86)\MiKTeX 2.8\tex\generic\oberdiek\intcalc.sty"
Package: intcalc 2007/09/27 v1.1 Expandable integer calculations (HO)
)
("C:\Program Files (x86)\MiKTeX 2.8\tex\latex\00miktex\hyperref.cfg"
File: hyperref.cfg 2002/06/06 v1.2 hyperref configuration of TeXLive
)
("C:\Program Files (x86)\MiKTeX 2.8\tex\latex\oberdiek\kvoptions.sty"
Package: kvoptions 2010/02/22 v3.7 Keyval support for LaTeX options (HO)
)
Package hyperref Info: Option `bookmarks' set `true' on input line 3528.
Package hyperref Info: Option `bookmarksopen' set `true' on input line 3528.
Package hyperref Info: Option `implicit' set `false' on input line 3528.
Package hyperref Info: Hyper figures OFF on input line 3609.
Package hyperref Info: Link nesting OFF on input line 3614.
Package hyperref Info: Hyper index ON on input line 3617.
Package hyperref Info: Plain pages OFF on input line 3624.
Package hyperref Info: Backreferencing OFF on input line 3629.

Implicit mode OFF; no redefinition of LaTeX internals
Package hyperref Info: Bookmarks ON on input line 3825.
("C:\Program Files (x86)\MiKTeX 2.8\tex\latex\ltxmisc\url.sty"
\Urlmuskip=\muskip10
Package: url 2006/04/12  ver 3.3  Verb mode for urls, etc.
)
LaTeX Info: Redefining \url on input line 4105.

("C:\Program Files (x86)\MiKTeX 2.8\tex\generic\oberdiek\bitset.sty"
Package: bitset 2007/09/28 v1.0 Data type bit set (HO)

("C:\Program Files (x86)\MiKTeX 2.8\tex\generic\oberdiek\bigintcalc.sty"
Package: bigintcalc 2007/11/11 v1.1 Expandable big integer calculations (HO)
))
\Fld@menulength=\count121
\Field@Width=\dimen162
\Fld@charsize=\dimen163
\Field@toks=\toks20
Package hyperref Info: Hyper figures OFF on input line 5083.
Package hyperref Info: Link nesting OFF on input line 5088.
Package hyperref Info: Hyper index ON on input line 5091.
Package hyperref Info: backreferencing OFF on input line 5098.
Package hyperref Info: Link coloring OFF on input line 5103.
Package hyperref Info: Link coloring with OCG OFF on input line 5108.
Package hyperref Info: PDF/A mode OFF on input line 5113.
LaTeX Info: Redefining \ref on input line 5153.
LaTeX Info: Redefining \pageref on input line 5157.

("C:\Program Files (x86)\MiKTeX 2.8\tex\generic\oberdiek\atbegshi.sty"
Package: atbegshi 2010/03/25 v1.12 At begin shipout hook (HO)
)
\Hy@abspage=\count122

Hyperref stopped early
)
* hyperref using default driver hpdftex *
("C:\Program Files (x86)\MiKTeX 2.8\tex\latex\hyperref\hpdftex.def"
File: hpdftex.def 2010/03/30 v6.80u Hyperref driver for pdfTeX

("C:\Program Files (x86)\MiKTeX 2.8\tex\latex\oberdiek\atveryend.sty"
Package: atveryend 2010/03/24 v1.5 Hooks at very end of document (HO)
Package atveryend Info: \enddocument detected (standard).
)
\Fld@listcount=\count123
\c@bookmark@seq@number=\count124

("C:\Program Files (x86)\MiKTeX 2.8\tex\latex\oberdiek\rerunfilecheck.sty"
Package: rerunfilecheck 2010/03/16 v1.6 Rerun checks for auxiliary files (HO)

("C:\Program Files (x86)\MiKTeX 2.8\tex\generic\oberdiek\uniquecounter.sty"
Package: uniquecounter 2009/12/18 v1.1 Provides unlimited unique counter (HO)
)
Package uniquecounter Info: New unique counter `rerunfilecheck' on input line 2
71.
))
(C:\Users\gomez.NIN\AppData\Roaming\MiKTeX\2.8\tex\latex\beamer\base\beamerbase
requires.sty
Package: beamerbaserequires 2010/05/01  (rcs-revision efa082c6111d)

(C:\Users\gomez.NIN\AppData\Roaming\MiKTeX\2.8\tex\latex\beamer\base\beamerbase
compatibility.sty
Package: beamerbasecompatibility 2010/05/01  (rcs-revision efa082c6111d)
)
(C:\Users\gomez.NIN\AppData\Roaming\MiKTeX\2.8\tex\latex\beamer\base\beamerbase
font.sty
Package: beamerbasefont 2010/05/10  (rcs-revision cd36e8a33c6b)
 ("C:\Program Files (x86)\MiKTeX 2.8\tex\latex\amsfonts\amssymb.sty"
Package: amssymb 2009/06/22 v3.00

("C:\Program Files (x86)\MiKTeX 2.8\tex\latex\amsfonts\amsfonts.sty"
Package: amsfonts 2009/06/22 v3.00 Basic AMSFonts support
\@emptytoks=\toks21
\symAMSa=\mathgroup4
\symAMSb=\mathgroup5
LaTeX Font Info:    Overwriting math alphabet `\mathfrak' in version `bold'
(Font)                  U/euf/m/n --> U/euf/b/n on input line 96.
)))
(C:\Users\gomez.NIN\AppData\Roaming\MiKTeX\2.8\tex\latex\beamer\base\beamerbase
translator.sty
Package: beamerbasetranslator 2010/06/11  (rcs-revision 85fd1cc7fc42)

(C:\Users\gomez.NIN\AppData\Roaming\MiKTeX\2.8\tex\latex\beamer\extensions\tran
slator\translator.sty
Package: translator 2010/06/11 ver 1.09

(C:\Users\gomez.NIN\AppData\Roaming\MiKTeX\2.8\tex\latex\beamer\extensions\tran
slator\translator-language-mappings.tex)))
(C:\Users\gomez.NIN\AppData\Roaming\MiKTeX\2.8\tex\latex\beamer\base\beamerbase
misc.sty
Package: beamerbasemisc 2010/06/06  (rcs-revision bff0a9294b45)
)
(C:\Users\gomez.NIN\AppData\Roaming\MiKTeX\2.8\tex\latex\beamer\base\beamerbase
twoscreens.sty
Package: beamerbasetwoscreens 2010/05/01  (rcs-revision efa082c6111d)
)
(C:\Users\gomez.NIN\AppData\Roaming\MiKTeX\2.8\tex\latex\beamer\base\beamerbase
overlay.sty
Package: beamerbaseoverlay 2010/05/07  (rcs-revision 5584dad462a9)
\beamer@argscount=\count125
\beamer@lastskipcover=\skip44
\beamer@trivlistdepth=\count126
)
(C:\Users\gomez.NIN\AppData\Roaming\MiKTeX\2.8\tex\latex\beamer\base\beamerbase
title.sty
Package: beamerbasetitle 2010/06/12  (rcs-revision 717e481ca47a)
)
(C:\Users\gomez.NIN\AppData\Roaming\MiKTeX\2.8\tex\latex\beamer\base\beamerbase
section.sty
Package: beamerbasesection 2010/06/12  (rcs-revision 717e481ca47a)
\c@lecture=\count127
\c@part=\count128
\c@section=\count129
\c@subsection=\count130
\c@subsubsection=\count131
)
(C:\Users\gomez.NIN\AppData\Roaming\MiKTeX\2.8\tex\latex\beamer\base\beamerbase
frame.sty
Package: beamerbaseframe 2010/06/06  (rcs-revision bff0a9294b45)
\beamer@framebox=\box39
\beamer@frametitlebox=\box40
\beamer@zoombox=\box41
\beamer@zoomcount=\count132
\beamer@zoomframecount=\count133
\beamer@frametextheight=\dimen164
\c@subsectionslide=\count134
\beamer@frametopskip=\skip45
\beamer@framebottomskip=\skip46
\beamer@frametopskipautobreak=\skip47
\beamer@framebottomskipautobreak=\skip48
\beamer@envbody=\toks22
\c@framenumber=\count135
)
(C:\Users\gomez.NIN\AppData\Roaming\MiKTeX\2.8\tex\latex\beamer\base\beamerbase
verbatim.sty
Package: beamerbaseverbatim 2010/05/01  (rcs-revision efa082c6111d)
\beamer@verbatimfileout=\write3
)
(C:\Users\gomez.NIN\AppData\Roaming\MiKTeX\2.8\tex\latex\beamer\base\beamerbase
framesize.sty
Package: beamerbaseframesize 2010/05/01  (rcs-revision efa082c6111d)
\beamer@splitbox=\box42
\beamer@autobreakcount=\count136
\beamer@autobreaklastheight=\dimen165
\beamer@frametitletoks=\toks23
\beamer@framesubtitletoks=\toks24
)
(C:\Users\gomez.NIN\AppData\Roaming\MiKTeX\2.8\tex\latex\beamer\base\beamerbase
framecomponents.sty
Package: beamerbaseframecomponents 2010/05/01  (rcs-revision efa082c6111d)
\beamer@footins=\box43
)
(C:\Users\gomez.NIN\AppData\Roaming\MiKTeX\2.8\tex\latex\beamer\base\beamerbase
color.sty
Package: beamerbasecolor 2010/06/06  (rcs-revision d1a9b48be06d)
)
(C:\Users\gomez.NIN\AppData\Roaming\MiKTeX\2.8\tex\latex\beamer\base\beamerbase
notes.sty
Package: beamerbasenotes 2010/05/01  (rcs-revision efa082c6111d)
\beamer@frameboxcopy=\box44
)
(C:\Users\gomez.NIN\AppData\Roaming\MiKTeX\2.8\tex\latex\beamer\base\beamerbase
toc.sty
Package: beamerbasetoc 2010/06/11  (rcs-revision 242ecaa6783b)
)
(C:\Users\gomez.NIN\AppData\Roaming\MiKTeX\2.8\tex\latex\beamer\base\beamerbase
templates.sty
Package: beamerbasetemplates 2010/05/01  (rcs-revision efa082c6111d)
\beamer@sbttoks=\toks25

(C:\Users\gomez.NIN\AppData\Roaming\MiKTeX\2.8\tex\latex\beamer\base\beamerbase
auxtemplates.sty
Package: beamerbaseauxtemplates 2010/05/01  (rcs-revision efa082c6111d)

(C:\Users\gomez.NIN\AppData\Roaming\MiKTeX\2.8\tex\latex\beamer\base\beamerbase
boxes.sty
Package: beamerbaseboxes 2010/05/01  (rcs-revision efa082c6111d)
\bmb@box=\box45
\bmb@colorbox=\box46
\bmb@boxshadow=\box47
\bmb@boxshadowball=\box48
\bmb@boxshadowballlarge=\box49
\bmb@temp=\dimen166
\bmb@dima=\dimen167
\bmb@dimb=\dimen168
\bmb@prevheight=\dimen169
)
\beamer@blockheadheight=\dimen170
))
(C:\Users\gomez.NIN\AppData\Roaming\MiKTeX\2.8\tex\latex\beamer\base\beamerbase
localstructure.sty
Package: beamerbaselocalstructure 2010/06/01  (rcs-revision 81f9e33f7cc2)

("C:\Program Files (x86)\MiKTeX 2.8\tex\latex\tools\enumerate.sty"
Package: enumerate 1999/03/05 v3.00 enumerate extensions (DPC)
\@enLab=\toks26
)
\c@figure=\count137
\c@table=\count138
\abovecaptionskip=\skip49
\belowcaptionskip=\skip50
)
(C:\Users\gomez.NIN\AppData\Roaming\MiKTeX\2.8\tex\latex\beamer\base\beamerbase
navigation.sty
Package: beamerbasenavigation 2010/05/01  (rcs-revision efa082c6111d)
)
(C:\Users\gomez.NIN\AppData\Roaming\MiKTeX\2.8\tex\latex\beamer\base\beamerbase
theorems.sty
Package: beamerbasetheorems 2010/06/06  (rcs-revision 7e7cc5e53e9d)
 ("C:\Program Files (x86)\MiKTeX 2.8\tex\latex\ams\math\amsmath.sty"
Package: amsmath 2000/07/18 v2.13 AMS math features
\@mathmargin=\skip51

For additional information on amsmath, use the `?' option.
("C:\Program Files (x86)\MiKTeX 2.8\tex\latex\ams\math\amstext.sty"
Package: amstext 2000/06/29 v2.01

("C:\Program Files (x86)\MiKTeX 2.8\tex\latex\ams\math\amsgen.sty"
File: amsgen.sty 1999/11/30 v2.0
\@emptytoks=\toks27
\ex@=\dimen171
))
("C:\Program Files (x86)\MiKTeX 2.8\tex\latex\ams\math\amsbsy.sty"
Package: amsbsy 1999/11/29 v1.2d
\pmbraise@=\dimen172
)
("C:\Program Files (x86)\MiKTeX 2.8\tex\latex\ams\math\amsopn.sty"
Package: amsopn 1999/12/14 v2.01 operator names
)
\inf@bad=\count139
LaTeX Info: Redefining \frac on input line 211.
\uproot@=\count140
\leftroot@=\count141
LaTeX Info: Redefining \overline on input line 307.
\classnum@=\count142
\DOTSCASE@=\count143
LaTeX Info: Redefining \ldots on input line 379.
LaTeX Info: Redefining \dots on input line 382.
LaTeX Info: Redefining \cdots on input line 467.
\Mathstrutbox@=\box50
\strutbox@=\box51
\big@size=\dimen173
LaTeX Font Info:    Redeclaring font encoding OML on input line 567.
LaTeX Font Info:    Redeclaring font encoding OMS on input line 568.
\macc@depth=\count144
\c@MaxMatrixCols=\count145
\dotsspace@=\muskip11
\c@parentequation=\count146
\dspbrk@lvl=\count147
\tag@help=\toks28
\row@=\count148
\column@=\count149
\maxfields@=\count150
\andhelp@=\toks29
\eqnshift@=\dimen174
\alignsep@=\dimen175
\tagshift@=\dimen176
\tagwidth@=\dimen177
\totwidth@=\dimen178
\lineht@=\dimen179
\@envbody=\toks30
\multlinegap=\skip52
\multlinetaggap=\skip53
\mathdisplay@stack=\toks31
LaTeX Info: Redefining \[ on input line 2666.
LaTeX Info: Redefining \] on input line 2667.
)
("C:\Program Files (x86)\MiKTeX 2.8\tex\latex\ams\classes\amsthm.sty"
Package: amsthm 2004/08/06 v2.20
\thm@style=\toks32
\thm@bodyfont=\toks33
\thm@headfont=\toks34
\thm@notefont=\toks35
\thm@headpunct=\toks36
\thm@preskip=\skip54
\thm@postskip=\skip55
\thm@headsep=\skip56
\dth@everypar=\toks37
)
\c@theorem=\count151
)
(C:\Users\gomez.NIN\AppData\Roaming\MiKTeX\2.8\tex\latex\beamer\base\beamerbase
themes.sty
Package: beamerbasethemes 2010/05/01  (rcs-revision efa082c6111d)
))
(C:\Users\gomez.NIN\AppData\Roaming\MiKTeX\2.8\tex\latex\beamer\themes\theme\be
amerthemedefault.sty
Package: beamerthemedefault 2010/04/23  (rcs-revision 25f85d59db1e)

(C:\Users\gomez.NIN\AppData\Roaming\MiKTeX\2.8\tex\latex\beamer\themes\font\bea
merfontthemedefault.sty
Package: beamerfontthemedefault 2010/06/12  (rcs-revision 717e481ca47a)
)
(C:\Users\gomez.NIN\AppData\Roaming\MiKTeX\2.8\tex\latex\beamer\themes\color\be
amercolorthemedefault.sty
Package: beamercolorthemedefault 2010/06/12  (rcs-revision 717e481ca47a)
)
(C:\Users\gomez.NIN\AppData\Roaming\MiKTeX\2.8\tex\latex\beamer\themes\inner\be
amerinnerthemedefault.sty
Package: beamerinnerthemedefault 2010/06/12  (rcs-revision 717e481ca47a)
\beamer@dima=\dimen180
\beamer@dimb=\dimen181
)
(C:\Users\gomez.NIN\AppData\Roaming\MiKTeX\2.8\tex\latex\beamer\themes\outer\be
amerouterthemedefault.sty
Package: beamerouterthemedefault 2010/04/23  (rcs-revision 25f85d59db1e)
)))
("C:\Users\gomez.NIN\Documents\My Dropbox\work\repo\linear_algebra\beamerthemen
inscwhite.sty"

LaTeX Warning: You have requested package `beamerthemeninscwhite',
               but the package provides `beamerthemeninsc'.

Package: beamerthemeninsc 2010/10/05

(C:\Users\gomez.NIN\AppData\Roaming\MiKTeX\2.8\tex\latex\beamer\themes\theme\be
amerthemeWarsaw.sty
Package: beamerthemeWarsaw 2010/04/23  (rcs-revision 25f85d59db1e)

(C:\Users\gomez.NIN\AppData\Roaming\MiKTeX\2.8\tex\latex\beamer\themes\inner\be
amerinnerthemerounded.sty
Package: beamerinnerthemerounded 2010/04/27  (rcs-revision 982469101dd6)
)
(C:\Users\gomez.NIN\AppData\Roaming\MiKTeX\2.8\tex\latex\beamer\themes\outer\be
amerouterthemeshadow.sty
Package: beamerouterthemeshadow 2010/04/23  (rcs-revision 25f85d59db1e)

(C:\Users\gomez.NIN\AppData\Roaming\MiKTeX\2.8\tex\latex\beamer\themes\outer\be
amerouterthemesplit.sty
Package: beamerouterthemesplit 2010/04/23  (rcs-revision 25f85d59db1e)
))
(C:\Users\gomez.NIN\AppData\Roaming\MiKTeX\2.8\tex\latex\beamer\themes\color\be
amercolorthemeorchid.sty
Package: beamercolorthemeorchid 2010/04/23  (rcs-revision 25f85d59db1e)
)
(C:\Users\gomez.NIN\AppData\Roaming\MiKTeX\2.8\tex\latex\beamer\themes\color\be
amercolorthemewhale.sty
Package: beamercolorthemewhale 2010/04/23  (rcs-revision 25f85d59db1e)
))
("C:\Users\gomez.NIN\Documents\My Dropbox\work\repo\linear_algebra\beamercolort
hemeninscwhite.sty"

LaTeX Warning: You have requested package `beamercolorthemeninscwhite',
               but the package provides `beamercolorthemeninsc'.

Package: beamercolorthemeninsc 2012/11/06

(C:\Users\gomez.NIN\AppData\Roaming\MiKTeX\2.8\tex\latex\beamer\themes\color\be
amercolorthemestructure.sty
Package: beamercolorthemestructure 2010/04/23  (rcs-revision 25f85d59db1e)
))
(C:\Users\gomez.NIN\AppData\Roaming\MiKTeX\2.8\tex\latex\beamer\themes\outer\be
amerouterthemesmoothbars.sty
Package: beamerouterthemesmoothbars 2010/04/23  (rcs-revision 25f85d59db1e)
))
("C:\Users\gomez.NIN\Documents\My Dropbox\work\repo\linear_algebra\cmddef.tex")
("C:\Users\gomez.NIN\Documents\My Dropbox\work\repo\linear_algebra\lecture1.aux
")
LaTeX Font Info:    Checking defaults for OML/cmm/m/it on input line 22.
LaTeX Font Info:    ... okay on input line 22.
LaTeX Font Info:    Checking defaults for T1/cmr/m/n on input line 22.
LaTeX Font Info:    ... okay on input line 22.
LaTeX Font Info:    Checking defaults for OT1/cmr/m/n on input line 22.
LaTeX Font Info:    ... okay on input line 22.
LaTeX Font Info:    Checking defaults for OMS/cmsy/m/n on input line 22.
LaTeX Font Info:    ... okay on input line 22.
LaTeX Font Info:    Checking defaults for OMX/cmex/m/n on input line 22.
LaTeX Font Info:    ... okay on input line 22.
LaTeX Font Info:    Checking defaults for U/cmr/m/n on input line 22.
LaTeX Font Info:    ... okay on input line 22.
LaTeX Font Info:    Checking defaults for PD1/pdf/m/n on input line 22.
LaTeX Font Info:    ... okay on input line 22.

*geometry* driver: auto-detecting
*geometry* detected driver: pdftex
*geometry* verbose mode - [ preamble ] result:
* driver: pdftex
* paper: 364.19536pt, 273.14662pt (class default)
* layout: 364.19536pt, 273.14662pt
* switch(es): includehead includefoot 
* h-part:(L,W,R)=(28.45274pt, 307.28987pt, 28.45274pt)
* v-part:(T,H,B)=(0.0pt, 273.14662pt, 0.0pt)
* \paperwidth=364.19536pt
* \paperheight=273.14662pt
* \textwidth=307.28987pt
* \textheight=244.6939pt
* \oddsidemargin=-43.81725pt
* \evensidemargin=-43.81725pt
* \topmargin=-72.26999pt
* \headheight=14.22636pt
* \headsep=0.0pt
* \footskip=14.22636pt
* \marginparwidth=4.0pt
* \marginparsep=10.0pt
* \columnsep=10.0pt
* \skip\footins=10.0pt plus 4.0pt minus 2.0pt
* \hoffset=0.0pt
* \voffset=0.0pt
* \mag=1000
* \@twocolumnfalse
* \@twosidefalse
* \@mparswitchfalse
* \@reversemarginfalse
* (1in=72.27pt, 1cm=28.453pt)

(C:\Users\gomez.NIN\AppData\Roaming\MiKTeX\2.8\tex\context\base\supp-pdf.mkii
[Loading MPS to PDF converter (version 2006.09.02).]
\scratchcounter=\count152
\scratchdimen=\dimen182
\scratchbox=\box52
\nofMPsegments=\count153
\nofMParguments=\count154
\everyMPshowfont=\toks38
\MPscratchCnt=\count155
\MPscratchDim=\dimen183
\MPnumerator=\count156
\everyMPtoPDFconversion=\toks39
)
\AtBeginShipoutBox=\box53
Package hyperref Info: Link coloring OFF on input line 22.
 ("C:\Program Files (x86)\MiKTeX 2.8\tex\latex\hyperref\nameref.sty"
Package: nameref 2010/01/25 v2.36 Cross-referencing by name of section

("C:\Program Files (x86)\MiKTeX 2.8\tex\latex\oberdiek\refcount.sty"
Package: refcount 2008/08/11 v3.1 Data extraction from references (HO)
)
("C:\Program Files (x86)\MiKTeX 2.8\tex\generic\oberdiek\gettitlestring.sty"
Package: gettitlestring 2009/12/18 v1.3 Cleanup title references (HO)
)
\c@section@level=\count157
)
LaTeX Info: Redefining \ref on input line 22.
LaTeX Info: Redefining \pageref on input line 22.

("C:\Users\gomez.NIN\Documents\My Dropbox\work\repo\linear_algebra\lecture1.out
")
("C:\Users\gomez.NIN\Documents\My Dropbox\work\repo\linear_algebra\lecture1.out
")
\@outlinefile=\write4
LaTeX Font Info:    Overwriting symbol font `operators' in version `normal'
(Font)                  OT1/cmr/m/n --> OT1/cmss/m/n on input line 22.
LaTeX Font Info:    Overwriting symbol font `operators' in version `bold'
(Font)                  OT1/cmr/bx/n --> OT1/cmss/bx/n on input line 22.
\symnumbers=\mathgroup6
\sympureletters=\mathgroup7
LaTeX Font Info:    Overwriting math alphabet `\mathrm' in version `normal'
(Font)                  OT1/cmss/m/n --> OT1/cmr/m/n on input line 22.
LaTeX Font Info:    Redeclaring math alphabet \mathbf on input line 22.
LaTeX Font Info:    Overwriting math alphabet `\mathbf' in version `normal'
(Font)                  OT1/cmr/bx/n --> OT1/cmss/bx/n on input line 22.
LaTeX Font Info:    Overwriting math alphabet `\mathbf' in version `bold'
(Font)                  OT1/cmr/bx/n --> OT1/cmss/bx/n on input line 22.
LaTeX Font Info:    Redeclaring math alphabet \mathsf on input line 22.
LaTeX Font Info:    Overwriting math alphabet `\mathsf' in version `normal'
(Font)                  OT1/cmss/m/n --> OT1/cmss/m/n on input line 22.
LaTeX Font Info:    Overwriting math alphabet `\mathsf' in version `bold'
(Font)                  OT1/cmss/bx/n --> OT1/cmss/m/n on input line 22.
LaTeX Font Info:    Redeclaring math alphabet \mathit on input line 22.
LaTeX Font Info:    Overwriting math alphabet `\mathit' in version `normal'
(Font)                  OT1/cmr/m/it --> OT1/cmss/m/it on input line 22.
LaTeX Font Info:    Overwriting math alphabet `\mathit' in version `bold'
(Font)                  OT1/cmr/bx/it --> OT1/cmss/m/it on input line 22.
LaTeX Font Info:    Redeclaring math alphabet \mathtt on input line 22.
LaTeX Font Info:    Overwriting math alphabet `\mathtt' in version `normal'
(Font)                  OT1/cmtt/m/n --> OT1/cmtt/m/n on input line 22.
LaTeX Font Info:    Overwriting math alphabet `\mathtt' in version `bold'
(Font)                  OT1/cmtt/m/n --> OT1/cmtt/m/n on input line 22.
LaTeX Font Info:    Overwriting symbol font `numbers' in version `bold'
(Font)                  OT1/cmss/m/n --> OT1/cmss/bx/n on input line 22.
LaTeX Font Info:    Overwriting symbol font `pureletters' in version `bold'
(Font)                  OT1/cmss/m/it --> OT1/cmss/bx/it on input line 22.
LaTeX Font Info:    Overwriting math alphabet `\mathrm' in version `bold'
(Font)                  OT1/cmss/bx/n --> OT1/cmr/bx/n on input line 22.
LaTeX Font Info:    Overwriting math alphabet `\mathbf' in version `bold'
(Font)                  OT1/cmss/bx/n --> OT1/cmss/bx/n on input line 22.
LaTeX Font Info:    Overwriting math alphabet `\mathsf' in version `bold'
(Font)                  OT1/cmss/m/n --> OT1/cmss/bx/n on input line 22.
LaTeX Font Info:    Overwriting math alphabet `\mathit' in version `bold'
(Font)                  OT1/cmss/m/it --> OT1/cmss/bx/it on input line 22.
LaTeX Font Info:    Overwriting math alphabet `\mathtt' in version `bold'
(Font)                  OT1/cmtt/m/n --> OT1/cmtt/bx/n on input line 22.

(C:\Users\gomez.NIN\AppData\Roaming\MiKTeX\2.8\tex\latex\beamer\extensions\tran
slator\dicts\translator-basic-dictionary\translator-basic-dictionary-English.di
ct
Dictionary: translator-basic-dictionary, Language: English 
)
(C:\Users\gomez.NIN\AppData\Roaming\MiKTeX\2.8\tex\latex\beamer\extensions\tran
slator\dicts\translator-bibliography-dictionary\translator-bibliography-diction
ary-English.dict
Dictionary: translator-bibliography-dictionary, Language: English 
)
(C:\Users\gomez.NIN\AppData\Roaming\MiKTeX\2.8\tex\latex\beamer\extensions\tran
slator\dicts\translator-environment-dictionary\translator-environment-dictionar
y-English.dict
Dictionary: translator-environment-dictionary, Language: English 
)
(C:\Users\gomez.NIN\AppData\Roaming\MiKTeX\2.8\tex\latex\beamer\extensions\tran
slator\dicts\translator-months-dictionary\translator-months-dictionary-English.
dict
Dictionary: translator-months-dictionary, Language: English 
)
(C:\Users\gomez.NIN\AppData\Roaming\MiKTeX\2.8\tex\latex\beamer\extensions\tran
slator\dicts\translator-numbers-dictionary\translator-numbers-dictionary-Englis
h.dict
Dictionary: translator-numbers-dictionary, Language: English 
)
(C:\Users\gomez.NIN\AppData\Roaming\MiKTeX\2.8\tex\latex\beamer\extensions\tran
slator\dicts\translator-theorem-dictionary\translator-theorem-dictionary-Englis
h.dict
Dictionary: translator-theorem-dictionary, Language: English 
)
..................................................................
You are using the ninsc beamer theme (German Gomez-Herrero)
Version: 0.1 October 2010.
..................................................................
("C:\Users\gomez.NIN\Documents\My Dropbox\work\repo\linear_algebra\lecture1.nav
")

LaTeX Font Warning: Font shape `OT1/cmss/m/n' in size <4> not available
(Font)              size <5> substituted on input line 27.

[1{C:/Users/gomez.NIN/AppData/Local/MiKTeX/2.8/pdftex/config/pdftex.map}

]
LaTeX Font Info:    Try loading font information for U+msa on input line 60.

("C:\Program Files (x86)\MiKTeX 2.8\tex\latex\amsfonts\umsa.fd"
File: umsa.fd 2009/06/22 v3.00 AMS symbols A
)
LaTeX Font Info:    Try loading font information for U+msb on input line 60.

("C:\Program Files (x86)\MiKTeX 2.8\tex\latex\amsfonts\umsb.fd"
File: umsb.fd 2009/06/22 v3.00 AMS symbols B
)
Overfull \hbox (4.17964pt too wide) detected at line 60
[][]
 []

[2

] <./img/row-pic.png, id=187, 442.65375pt x 755.07094pt>
File: ./img/row-pic.png Graphic file (type png)

<use ./img/row-pic.png> [3

 <C:/Users/gomez.NIN/Documents/My Dropbox/work/repo/linear_algebra/img/row-pic.
png>]
<./img/col-pic.png, id=231, 519.44063pt x 766.36313pt>
File: ./img/col-pic.png Graphic file (type png)
 <use ./img/col-pic.png>
[4

 <C:/Users/gomez.NIN/Documents/My Dropbox/work/repo/linear_algebra/img/col-pic.
png>]

pdfTeX warning: pdflatex (file C:/Users/gomez.NIN/Documents/My Dropbox/work/rep
o/linear_algebra/img/eqs-geometry-1.pdf): PDF inclusion: found PDF version <1.5
>, but at most version <1.4> allowed
<./img/eqs-geometry-1.pdf, id=272, 845.1575pt x 597.45204pt>
File: ./img/eqs-geometry-1.pdf Graphic file (type pdf)

<use ./img/eqs-geometry-1.pdf> [5

 <C:/Users/gomez.NIN/Documents/My Dropbox/work/repo/linear_algebra/img/eqs-geom
etry-1.pdf, page is rotated 90 degrees>]
File: ./img/eqs-geometry-1.pdf Graphic file (type pdf)

<use ./img/eqs-geometry-1.pdf> [6

]
File: ./img/eqs-geometry-1.pdf Graphic file (type pdf)
 <use ./img/eqs-geometry-1.pdf> [7

]
File: ./img/eqs-geometry-1.pdf Graphic file (type pdf)

<use ./img/eqs-geometry-1.pdf> [8

]

pdfTeX warning: pdflatex (file C:/Users/gomez.NIN/Documents/My Dropbox/work/rep
o/linear_algebra/img/eqs-geometry-2.pdf): PDF inclusion: found PDF version <1.5
>, but at most version <1.4> allowed
<./img/eqs-geometry-2.pdf, id=434, 845.1575pt x 597.45204pt>
File: ./img/eqs-geometry-2.pdf Graphic file (type pdf)

<use ./img/eqs-geometry-2.pdf> [9

 <C:/Users/gomez.NIN/Documents/My Dropbox/work/repo/linear_algebra/img/eqs-geom
etry-2.pdf, page is rotated 90 degrees>]
File: ./img/eqs-geometry-2.pdf Graphic file (type pdf)

<use ./img/eqs-geometry-2.pdf> [10

]
File: ./img/eqs-geometry-2.pdf Graphic file (type pdf)
 <use ./img/eqs-geometry-2.pdf> [11

]
File: ./img/eqs-geometry-2.pdf Graphic file (type pdf)

<use ./img/eqs-geometry-2.pdf> [12

] [13

] [14

] [15

] [16

] [17

] [18

] [19

] [20

]
[21

] [22

] [23

] [24

] [25

] [26

] [27

]
("C:\Users\gomez.NIN\Documents\My Dropbox\work\repo\linear_algebra\lecture1.vrb
") [28

]
("C:\Users\gomez.NIN\Documents\My Dropbox\work\repo\linear_algebra\lecture1.vrb
") [29

] [30

]
("C:\Users\gomez.NIN\Documents\My Dropbox\work\repo\linear_algebra\lecture1.vrb
" <./img/min-norm-1.pdf, id=1260, 794.97pt x 614.295pt>
File: ./img/min-norm-1.pdf Graphic file (type pdf)

<use ./img/min-norm-1.pdf>
<./img/min-norm-2.pdf, id=1262, 794.97pt x 614.295pt>
File: ./img/min-norm-2.pdf Graphic file (type pdf)

<use ./img/min-norm-2.pdf>) [31

 <C:/Users/gomez.NIN/Documents/My Dropbox/work/repo/linear_algebra/img/min-norm
-1.pdf>]
("C:\Users\gomez.NIN\Documents\My Dropbox\work\repo\linear_algebra\lecture1.vrb
"
File: ./img/min-norm-1.pdf Graphic file (type pdf)
 <use ./img/min-norm-1.pdf>
File: ./img/min-norm-2.pdf Graphic file (type pdf)
 <use ./img/min-norm-2.pdf>) [32

 <C:/Users/gomez.NIN/Documents/My Dropbox/work/repo/linear_algebra/img/min-norm
-2.pdf>]
("C:\Users\gomez.NIN\Documents\My Dropbox\work\repo\linear_algebra\lecture1.vrb
"

pdfTeX warning: pdflatex (file C:/Users/gomez.NIN/Documents/My Dropbox/work/rep
o/linear_algebra/img/overdetermined-1.pdf): PDF inclusion: found PDF version <1
.5>, but at most version <1.4> allowed
<./img/overdetermined-1.pdf, id=1386, 845.1575pt x 597.45204pt>
File: ./img/overdetermined-1.pdf Graphic file (type pdf)

<use ./img/overdetermined-1.pdf>

pdfTeX warning: pdflatex (file C:/Users/gomez.NIN/Documents/My Dropbox/work/rep
o/linear_algebra/img/overdetermined-2.pdf): PDF inclusion: found PDF version <1
.5>, but at most version <1.4> allowed
<./img/overdetermined-2.pdf, id=1388, 845.1575pt x 597.45204pt>
File: ./img/overdetermined-2.pdf Graphic file (type pdf)

<use ./img/overdetermined-2.pdf>) [33

 <C:/Users/gomez.NIN/Documents/My Dropbox/work/repo/linear_algebra/img/overdete
rmined-1.pdf, page is rotated 90 degrees>] ("C:\Users\gomez.NIN\Documents\My Dr
opbox\work\repo\linear_algebra\lecture1.vrb"
File: ./img/overdetermined-1.pdf Graphic file (type pdf)
 <use ./img/overdetermined-1.pdf>
File: ./img/overdetermined-2.pdf Graphic file (type pdf)
 <use ./img/overdetermined-2.pdf>) [34

 <C:/Users/gomez.NIN/Documents/My Dropbox/work/repo/linear_algebra/img/overdete
rmined-2.pdf, page is rotated 90 degrees>] [35

]
("C:\Users\gomez.NIN\Documents\My Dropbox\work\repo\linear_algebra\lecture1.vrb
") [36

]
("C:\Users\gomez.NIN\Documents\My Dropbox\work\repo\linear_algebra\lecture1.vrb
") [37

]
("C:\Users\gomez.NIN\Documents\My Dropbox\work\repo\linear_algebra\lecture1.vrb
"

LaTeX Font Warning: Font shape `OT1/cmss/bx/it' undefined
(Font)              using `OT1/cmss/bx/n' instead on input line 14.

) [38

]
("C:\Users\gomez.NIN\Documents\My Dropbox\work\repo\linear_algebra\lecture1.vrb
") [39

] [40

]
\tf@nav=\write5
\tf@toc=\write6
\tf@snm=\write7
Package atveryend Info: Empty hook `BeforeClearDocument' on input line 1002.
Package atveryend Info: Empty hook `AfterLastShipout' on input line 1002.

("C:\Users\gomez.NIN\Documents\My Dropbox\work\repo\linear_algebra\lecture1.aux
")
Package atveryend Info: Executing hook `AtVeryEndDocument' on input line 1002.
Package rerunfilecheck Info: File `lecture1.out' has not changed.
(rerunfilecheck)             Checksum: 481A32DB3C53E871D3A2F5454A9FD852;301.


LaTeX Font Warning: Size substitutions with differences
(Font)              up to 1.0pt have occurred.


LaTeX Font Warning: Some font shapes were not available, defaults substituted.

 ) 
Here is how much of TeX's memory you used:
 13812 strings out of 495269
 256623 string characters out of 3179637
 357393 words of memory out of 3000000
 16491 multiletter control sequences out of 15000+200000
 20367 words of font info for 75 fonts, out of 3000000 for 9000
 14 hyphenation exceptions out of 8191
 49i,20n,65p,402b,729s stack positions out of 5000i,500n,10000p,200000b,50000s
<C:/Program Files (x86)/MiKTeX 2.8/fonts/type1/public/amsfonts/cm/cmex10.pfb>
<C:/Program Files (x86)/MiKTeX 2.8/fonts/type1/public/amsfonts/cm/cmmi10.pfb><C
:/Program Files (x86)/MiKTeX 2.8/fonts/type1/public/amsfonts/cm/cmmi12.pfb><C:/
Program Files (x86)/MiKTeX 2.8/fonts/type1/public/amsfonts/cm/cmr10.pfb><C:/Pro
gram Files (x86)/MiKTeX 2.8/fonts/type1/public/amsfonts/cm/cmss10.pfb><C:/Progr
am Files (x86)/MiKTeX 2.8/fonts/type1/public/amsfonts/cm/cmss12.pfb><C:/Program
 Files (x86)/MiKTeX 2.8/fonts/type1/public/amsfonts/cm/cmss8.pfb><C:/Program Fi
les (x86)/MiKTeX 2.8/fonts/type1/public/amsfonts/cm/cmss9.pfb><C:/Program Files
 (x86)/MiKTeX 2.8/fonts/type1/public/amsfonts/cm/cmssbx10.pfb><C:/Program Files
 (x86)/MiKTeX 2.8/fonts/type1/public/amsfonts/cm/cmssi10.pfb><C:/Program Files 
(x86)/MiKTeX 2.8/fonts/type1/public/amsfonts/cm/cmssi12.pfb><C:/Program Files (
x86)/MiKTeX 2.8/fonts/type1/public/amsfonts/cm/cmssi8.pfb><C:/Program Files (x8
6)/MiKTeX 2.8/fonts/type1/public/amsfonts/cm/cmsy10.pfb><C:/Program Files (x86)
/MiKTeX 2.8/fonts/type1/public/amsfonts/cm/cmsy8.pfb><C:/Program Files (x86)/Mi
KTeX 2.8/fonts/type1/public/amsfonts/cm/cmtt10.pfb>
Output written on lecture1.pdf (40 pages, 729613 bytes).
PDF statistics:
 1787 PDF objects out of 2073 (max. 8388607)
 93 named destinations out of 1000 (max. 500000)
 277 words of extra memory for PDF output out of 10000 (max. 10000000)

